<component name="libraryTable">
  <library name="JUnit-4">
    <CLASSES>
      <root url="file://$PROJECT_DIR$/lib/JUnit-4" />
    </CLASSES>
    <JAVADOC />
    <SOURCES />
    <jarDirectory url="file://$PROJECT_DIR$/lib/JUnit-4" recursive="false" />
  </library>
</component>